<?xml version="1.0" encoding="UTF-8"?>
<coverage generated="1771078467803" clover="3.2.0">
  <project timestamp="1771078467803" name="All files">
    <metrics statements="12" coveredstatements="12" conditionals="5" coveredconditionals="3" methods="1" coveredmethods="1" elements="18" coveredelements="16" complexity="0" loc="12" ncloc="12" packages="1" files="1" classes="1"/>
    <file name="generateToken.ts" path="C:\Users\Rohit\Desktop\newProject\backend\src\utils\generateToken.ts">
      <metrics statements="12" coveredstatements="12" conditionals="5" coveredconditionals="3" methods="1" coveredmethods="1"/>
      <line num="1" count="1" type="stmt"/>
      <line num="4" count="1" type="stmt"/>
      <line num="5" count="1" type="cond" truecount="1" falsecount="1"/>
      <line num="6" count="1" type="cond" truecount="1" falsecount="1"/>
      <line num="9" count="1" type="stmt"/>
      <line num="14" count="1" type="stmt"/>
      <line num="19" count="1" type="stmt"/>
      <line num="27" count="1" type="stmt"/>
      <line num="34" count="1" type="cond" truecount="1" falsecount="0"/>
      <line num="35" count="1" type="stmt"/>
      <line num="38" count="1" type="stmt"/>
      <line num="41" count="1" type="stmt"/>
    </file>
  </project>
</coverage>
