{"C:\\Users\\Rohit\\Desktop\\newProject\\backend\\src\\utils\\generateToken.ts": {"path":"C:\\Users\\Rohit\\Desktop\\newProject\\backend\\src\\utils\\generateToken.ts","statementMap":{"0":{"start":{"line":1,"column":0},"end":{"line":1,"column":31}},"1":{"start":{"line":4,"column":22},"end":{"line":39,"column":1}},"2":{"start":{"line":5,"column":17},"end":{"line":5,"column":59}},"3":{"start":{"line":6,"column":24},"end":{"line":6,"column":82}},"4":{"start":{"line":9,"column":16},"end":{"line":11,"column":4}},"5":{"start":{"line":14,"column":23},"end":{"line":16,"column":4}},"6":{"start":{"line":19,"column":2},"end":{"line":24,"column":5}},"7":{"start":{"line":27,"column":2},"end":{"line":32,"column":5}},"8":{"start":{"line":34,"column":2},"end":{"line":36,"column":3}},"9":{"start":{"line":35,"column":4},"end":{"line":35,"column":63}},"10":{"start":{"line":38,"column":2},"end":{"line":38,"column":33}},"11":{"start":{"line":41,"column":0},"end":{"line":41,"column":29}}},"fnMap":{"0":{"name":"(anonymous_1)","decl":{"start":{"line":4,"column":22},"end":{"line":4,"column":23}},"loc":{"start":{"line":4,"column":51},"end":{"line":39,"column":1}}}},"branchMap":{"0":{"loc":{"start":{"line":5,"column":17},"end":{"line":5,"column":59}},"type":"binary-expr","locations":[{"start":{"line":5,"column":17},"end":{"line":5,"column":39}},{"start":{"line":5,"column":43},"end":{"line":5,"column":59}}]},"1":{"loc":{"start":{"line":6,"column":24},"end":{"line":6,"column":82}},"type":"binary-expr","locations":[{"start":{"line":6,"column":24},"end":{"line":6,"column":54}},{"start":{"line":6,"column":58},"end":{"line":6,"column":82}}]},"2":{"loc":{"start":{"line":34,"column":2},"end":{"line":36,"column":3}},"type":"if","locations":[{"start":{"line":34,"column":2},"end":{"line":36,"column":3}}]}},"s":{"0":1,"1":1,"2":1,"3":1,"4":1,"5":1,"6":1,"7":1,"8":1,"9":1,"10":1,"11":1},"f":{"0":1},"b":{"0":[1,0],"1":[1,0],"2":[1]}}
}
